2012.05.29 11:24 B D:\hebron\userfiles\image\hamam.jpg --> www.jmcc.org /hebron/userfiles/image hamam.jpg
2012.05.29 11:24 B D:\hebron\userfiles\image\zawaya.jpg --> www.jmcc.org /hebron/userfiles/image zawaya.jpg
2012.05.29 11:24 B D:\hebron\userfiles\image\sooq.jpg --> www.jmcc.org /hebron/userfiles/image sooq.jpg
2012.05.29 11:24 B D:\hebron\userfiles\image\mousq.jpg --> www.jmcc.org /hebron/userfiles/image mousq.jpg
2012.05.29 11:24 B D:\hebron\userfiles\image\harat.jpg --> www.jmcc.org /hebron/userfiles/image harat.jpg
2012.05.29 11:24 B D:\hebron\userfiles\image\b.jpg --> www.jmcc.org /hebron/userfiles/image b.jpg
2012.05.29 11:24 B D:\hebron\userfiles\image\thumb.gif --> www.jmcc.org /hebron/userfiles/image thumb.gif
2012.05.29 11:24 B D:\hebron\userfiles\image\thumb (1).gif --> www.jmcc.org /hebron/userfiles/image thumb (1).gif
2012.05.29 11:24 B D:\hebron\userfiles\image\amenus.gif --> www.jmcc.org /hebron/userfiles/image amenus.gif
2012.09.17 09:13 B D:\Ramallah\userfiles\image\Penguins.jpg --> www.jmcc.org /ramallah/userfiles/image Penguins.jpg
2012.09.17 09:13 B D:\Ramallah\userfiles\image\Koala.jpg --> www.jmcc.org /ramallah/userfiles/image Koala.jpg
2012.09.17 09:14 B D:\Ramallah\userfiles\image\Chrysanthemum.jpg --> www.jmcc.org /ramallah/userfiles/image Chrysanthemum.jpg
2012.09.17 09:14 B D:\Ramallah\userfiles\image\con1.jpg --> www.jmcc.org /ramallah/userfiles/image con1.jpg
2012.09.17 09:14 B D:\Ramallah\userfiles\image\walle.jpg --> www.jmcc.org /ramallah/userfiles/image walle.jpg
2012.09.17 09:14 B D:\Ramallah\userfiles\image\toystory.jpg --> www.jmcc.org /ramallah/userfiles/image toystory.jpg
2012.09.17 09:14 B D:\Ramallah\userfiles\image\up.jpg --> www.jmcc.org /ramallah/userfiles/image up.jpg
2012.09.17 09:14 B D:\Ramallah\userfiles\image\up(1).jpg --> www.jmcc.org /ramallah/userfiles/image up(1).jpg
2012.09.17 09:14 B D:\Ramallah\userfiles\image\nemo.jpg --> www.jmcc.org /ramallah/userfiles/image nemo.jpg
2012.09.17 09:14 B D:\Ramallah\userfiles\image\pic_3.png --> www.jmcc.org /ramallah/userfiles/image pic_3.png
2012.09.17 09:14 B D:\Ramallah\userfiles\image\pic_2.png --> www.jmcc.org /ramallah/userfiles/image pic_2.png
2012.09.17 09:14 B D:\Ramallah\userfiles\image\pic_1.png --> www.jmcc.org /ramallah/userfiles/image pic_1.png
2012.09.17 09:14 B D:\Ramallah\userfiles\image\Thumbs.db --> www.jmcc.org /ramallah/userfiles/image Thumbs.db
2012.09.17 09:14 B D:\Ramallah\userfiles\image\1.jpg --> www.jmcc.org /ramallah/userfiles/image 1.jpg
2012.09.17 09:14 B D:\Ramallah\userfiles\image\9.jpg --> www.jmcc.org /ramallah/userfiles/image 9.jpg
2012.09.17 09:14 B D:\Ramallah\userfiles\image\12.jpg --> www.jmcc.org /ramallah/userfiles/image 12.jpg
2012.09.17 09:14 B D:\Ramallah\userfiles\image\13.jpg --> www.jmcc.org /ramallah/userfiles/image 13.jpg
2012.09.17 09:14 B D:\Ramallah\userfiles\image\WS_FTP.LOG --> www.jmcc.org /ramallah/userfiles/image WS_FTP.LOG
2012.09.17 09:15 B D:\Ramallah\userfiles\image\hamam.jpg --> www.jmcc.org /ramallah/userfiles/image hamam.jpg
2012.09.17 09:15 B D:\Ramallah\userfiles\image\zawaya.jpg --> www.jmcc.org /ramallah/userfiles/image zawaya.jpg
2012.09.17 09:15 B D:\Ramallah\userfiles\image\sooq.jpg --> www.jmcc.org /ramallah/userfiles/image sooq.jpg
2012.09.17 09:15 B D:\Ramallah\userfiles\image\mousq.jpg --> www.jmcc.org /ramallah/userfiles/image mousq.jpg
2012.09.17 09:15 B D:\Ramallah\userfiles\image\harat.jpg --> www.jmcc.org /ramallah/userfiles/image harat.jpg
2012.09.17 09:15 B D:\Ramallah\userfiles\image\b.jpg --> www.jmcc.org /ramallah/userfiles/image b.jpg
2012.09.17 09:15 B D:\Ramallah\userfiles\image\thumb.gif --> www.jmcc.org /ramallah/userfiles/image thumb.gif
2012.09.17 09:15 B D:\Ramallah\userfiles\image\thumb (1).gif --> www.jmcc.org /ramallah/userfiles/image thumb (1).gif
2012.09.17 09:15 B D:\Ramallah\userfiles\image\amenus.gif --> www.jmcc.org /ramallah/userfiles/image amenus.gif
2012.09.25 13:05 B D:\Ramallah\userfiles\image\Penguins.jpg --> www.jmcc.org /ramallah/userfiles/image Penguins.jpg
2012.09.25 13:05 B D:\Ramallah\userfiles\image\Koala.jpg --> www.jmcc.org /ramallah/userfiles/image Koala.jpg
2012.09.25 13:06 B D:\Ramallah\userfiles\image\Chrysanthemum.jpg --> www.jmcc.org /ramallah/userfiles/image Chrysanthemum.jpg
2012.09.25 13:06 B D:\Ramallah\userfiles\image\con1.jpg --> www.jmcc.org /ramallah/userfiles/image con1.jpg
2012.09.25 13:06 B D:\Ramallah\userfiles\image\walle.jpg --> www.jmcc.org /ramallah/userfiles/image walle.jpg
2012.09.25 13:06 B D:\Ramallah\userfiles\image\toystory.jpg --> www.jmcc.org /ramallah/userfiles/image toystory.jpg
2012.09.25 13:06 B D:\Ramallah\userfiles\image\up.jpg --> www.jmcc.org /ramallah/userfiles/image up.jpg
2012.09.25 13:06 B D:\Ramallah\userfiles\image\up(1).jpg --> www.jmcc.org /ramallah/userfiles/image up(1).jpg
2012.09.25 13:06 B D:\Ramallah\userfiles\image\nemo.jpg --> www.jmcc.org /ramallah/userfiles/image nemo.jpg
2012.09.25 13:06 B D:\Ramallah\userfiles\image\pic_3.png --> www.jmcc.org /ramallah/userfiles/image pic_3.png
2012.09.25 13:06 B D:\Ramallah\userfiles\image\pic_2.png --> www.jmcc.org /ramallah/userfiles/image pic_2.png
2012.09.25 13:06 B D:\Ramallah\userfiles\image\pic_1.png --> www.jmcc.org /ramallah/userfiles/image pic_1.png
2012.09.25 13:06 B D:\Ramallah\userfiles\image\Thumbs.db --> www.jmcc.org /ramallah/userfiles/image Thumbs.db
2012.09.25 13:06 B D:\Ramallah\userfiles\image\jer_team_2012.jpg --> www.jmcc.org /ramallah/userfiles/image jer_team_2012.jpg
2012.09.25 13:06 B D:\Ramallah\userfiles\image\ramadan_2012.jpg --> www.jmcc.org /ramallah/userfiles/image ramadan_2012.jpg
2012.09.25 13:06 B D:\Ramallah\userfiles\image\dar_kandil2012.jpg --> www.jmcc.org /ramallah/userfiles/image dar_kandil2012.jpg
2012.09.25 13:06 B D:\Ramallah\userfiles\image\1.jpg --> www.jmcc.org /ramallah/userfiles/image 1.jpg
2012.09.25 13:07 B D:\Ramallah\userfiles\image\9.jpg --> www.jmcc.org /ramallah/userfiles/image 9.jpg
2012.09.25 13:07 B D:\Ramallah\userfiles\image\12.jpg --> www.jmcc.org /ramallah/userfiles/image 12.jpg
2012.09.25 13:07 B D:\Ramallah\userfiles\image\13.jpg --> www.jmcc.org /ramallah/userfiles/image 13.jpg
2012.09.25 13:07 B D:\Ramallah\userfiles\image\campr_finish2012.jpg --> www.jmcc.org /ramallah/userfiles/image campr_finish2012.jpg
2012.09.25 13:07 B D:\Ramallah\userfiles\image\wein3ramallah2012.jpg --> www.jmcc.org /ramallah/userfiles/image wein3ramallah2012.jpg
2012.09.25 13:07 B D:\Ramallah\userfiles\image\wein3ramallah20122012.jpg --> www.jmcc.org /ramallah/userfiles/image wein3ramallah20122012.jpg
2012.09.25 13:07 B D:\Ramallah\userfiles\image\wen3ramallah2012_2.jpg --> www.jmcc.org /ramallah/userfiles/image wen3ramallah2012_2.jpg
2012.09.25 13:07 B D:\Ramallah\userfiles\image\wen3ramallah2012_1.jpg --> www.jmcc.org /ramallah/userfiles/image wen3ramallah2012_1.jpg
2012.09.25 13:08 B D:\Ramallah\userfiles\image\karmel.jpg --> www.jmcc.org /ramallah/userfiles/image karmel.jpg
2012.09.25 13:08 B D:\Ramallah\userfiles\image\school_23_5_2012.png --> www.jmcc.org /ramallah/userfiles/image school_23_5_2012.png
2012.09.25 13:08 B D:\Ramallah\userfiles\image\balgum_23_5_2012.png --> www.jmcc.org /ramallah/userfiles/image balgum_23_5_2012.png
2012.09.25 13:08 B D:\Ramallah\userfiles\image\riwaq.jpg --> www.jmcc.org /ramallah/userfiles/image riwaq.jpg
2012.09.25 13:08 B D:\Ramallah\userfiles\image\consulate_france27.jpg --> www.jmcc.org /ramallah/userfiles/image consulate_france27.jpg
2012.09.25 13:08 B D:\Ramallah\userfiles\image\poste_final.jpg --> www.jmcc.org /ramallah/userfiles/image poste_final.jpg
2012.09.25 13:08 B D:\Ramallah\userfiles\image\thank19_4_2012.jpg --> www.jmcc.org /ramallah/userfiles/image thank19_4_2012.jpg
2012.09.25 13:08 B D:\Ramallah\userfiles\image\sign18_4_2012.jpg --> www.jmcc.org /ramallah/userfiles/image sign18_4_2012.jpg
2012.09.25 13:08 B D:\Ramallah\userfiles\image\sign12_4_2012.jpg --> www.jmcc.org /ramallah/userfiles/image sign12_4_2012.jpg
2012.09.25 13:08 B D:\Ramallah\userfiles\image\hamam.jpg --> www.jmcc.org /ramallah/userfiles/image hamam.jpg
2012.09.25 13:08 B D:\Ramallah\userfiles\image\zawaya.jpg --> www.jmcc.org /ramallah/userfiles/image zawaya.jpg
2012.09.25 13:08 B D:\Ramallah\userfiles\image\sooq.jpg --> www.jmcc.org /ramallah/userfiles/image sooq.jpg
2012.09.25 13:08 B D:\Ramallah\userfiles\image\mousq.jpg --> www.jmcc.org /ramallah/userfiles/image mousq.jpg
2012.09.25 13:08 B D:\Ramallah\userfiles\image\harat.jpg --> www.jmcc.org /ramallah/userfiles/image harat.jpg
2012.09.25 13:08 B D:\Ramallah\userfiles\image\b.jpg --> www.jmcc.org /ramallah/userfiles/image b.jpg
2012.09.25 13:08 B D:\Ramallah\userfiles\image\diar_baker.jpg --> www.jmcc.org /ramallah/userfiles/image diar_baker.jpg
2012.09.25 13:08 B D:\Ramallah\userfiles\image\denmark.jpg --> www.jmcc.org /ramallah/userfiles/image denmark.jpg
2012.09.25 13:08 B D:\Ramallah\userfiles\image\thumb.gif --> www.jmcc.org /ramallah/userfiles/image thumb.gif
2012.09.25 13:08 B D:\Ramallah\userfiles\image\thumb (1).gif --> www.jmcc.org /ramallah/userfiles/image thumb (1).gif
2012.09.25 13:08 B D:\Ramallah\userfiles\image\nawwarnisan2.jpeg --> www.jmcc.org /ramallah/userfiles/image nawwarnisan2.jpeg
2012.09.25 13:08 B D:\Ramallah\userfiles\image\nawwar_nisan1.jpeg --> www.jmcc.org /ramallah/userfiles/image nawwar_nisan1.jpeg
2012.09.25 13:08 B D:\Ramallah\userfiles\image\amenus.gif --> www.jmcc.org /ramallah/userfiles/image amenus.gif
2012.09.25 13:08 B D:\Ramallah\userfiles\image\1732012news.jpg --> www.jmcc.org /ramallah/userfiles/image 1732012news.jpg
2012.09.25 13:08 B D:\Ramallah\userfiles\image\treeday1622012.jpg --> www.jmcc.org /ramallah/userfiles/image treeday1622012.jpg
2012.09.25 13:08 B D:\Ramallah\userfiles\image\porto1622012.jpg --> www.jmcc.org /ramallah/userfiles/image porto1622012.jpg
2012.09.25 13:08 B D:\Ramallah\userfiles\image\dunion1622012.jpg --> www.jmcc.org /ramallah/userfiles/image dunion1622012.jpg
2012.09.25 13:09 B D:\Ramallah\userfiles\image\uncentralize1622012.jpg --> www.jmcc.org /ramallah/userfiles/image uncentralize1622012.jpg
2012.09.25 13:10 B D:\Ramallah\userfiles\image\annualreporten.pdf --> www.jmcc.org /ramallah/userfiles/image annualreporten.pdf
2012.09.25 13:12 B D:\Ramallah\userfiles\image\annualreport.pdf --> www.jmcc.org /ramallah/userfiles/image annualreport.pdf
2012.09.25 13:13 B D:\Ramallah\userfiles\image\partners.pdf --> www.jmcc.org /ramallah/userfiles/image partners.pdf
2012.09.25 13:13 B D:\Ramallah\userfiles\image\maaref2010_4.PNG --> www.jmcc.org /ramallah/userfiles/image maaref2010_4.PNG
2012.09.25 13:13 B D:\Ramallah\userfiles\image\maaref2010_3.PNG --> www.jmcc.org /ramallah/userfiles/image maaref2010_3.PNG
2012.09.25 13:13 B D:\Ramallah\userfiles\image\maaref2010_2.PNG --> www.jmcc.org /ramallah/userfiles/image maaref2010_2.PNG
2012.09.25 13:13 B D:\Ramallah\userfiles\image\maaref2010_1.PNG --> www.jmcc.org /ramallah/userfiles/image maaref2010_1.PNG
2012.09.25 13:13 B D:\Ramallah\userfiles\image\mun2010-4.PNG --> www.jmcc.org /ramallah/userfiles/image mun2010-4.PNG
2012.09.25 13:13 B D:\Ramallah\userfiles\image\mun2010-3.PNG --> www.jmcc.org /ramallah/userfiles/image mun2010-3.PNG
2012.09.25 13:14 B D:\Ramallah\userfiles\image\mun2010-2.PNG --> www.jmcc.org /ramallah/userfiles/image mun2010-2.PNG
2012.09.25 13:14 B D:\Ramallah\userfiles\image\mun2010_1.PNG --> www.jmcc.org /ramallah/userfiles/image mun2010_1.PNG
2012.09.25 13:15 B D:\Ramallah\userfiles\image\mun2010_1.tif --> www.jmcc.org /ramallah/userfiles/image mun2010_1.tif
2012.09.25 13:15 B D:\Ramallah\userfiles\image\mun2010-1.jpg --> www.jmcc.org /ramallah/userfiles/image mun2010-1.jpg
2012.09.25 13:16 B D:\Ramallah\userfiles\image\mun2010_1.jpg --> www.jmcc.org /ramallah/userfiles/image mun2010_1.jpg
2012.09.25 13:16 B D:\Ramallah\userfiles\image\mun2010-4.jpg --> www.jmcc.org /ramallah/userfiles/image mun2010-4.jpg
2012.09.25 13:16 B D:\Ramallah\userfiles\image\mun2010-3.jpg --> www.jmcc.org /ramallah/userfiles/image mun2010-3.jpg
2012.09.25 13:16 B D:\Ramallah\userfiles\image\mun2010-2.jpg --> www.jmcc.org /ramallah/userfiles/image mun2010-2.jpg
2012.09.25 13:17 B D:\Ramallah\userfiles\image\flyer1.GIF --> www.jmcc.org /ramallah/userfiles/image flyer1.GIF
2012.09.25 13:17 B D:\Ramallah\userfiles\image\Program_Engl2.GIF --> www.jmcc.org /ramallah/userfiles/image Program_Engl2.GIF
2012.09.25 13:17 B D:\Ramallah\userfiles\image\Program_Engl1.GIF --> www.jmcc.org /ramallah/userfiles/image Program_Engl1.GIF
2012.09.25 13:17 B D:\Ramallah\userfiles\image\Program_arabic2.GIF --> www.jmcc.org /ramallah/userfiles/image Program_arabic2.GIF
2012.09.25 13:17 B D:\Ramallah\userfiles\image\Program_arabic1.GIF --> www.jmcc.org /ramallah/userfiles/image Program_arabic1.GIF
2012.09.25 13:17 B D:\Ramallah\userfiles\image\Program_arabic2.jpg --> www.jmcc.org /ramallah/userfiles/image Program_arabic2.jpg
2012.09.25 13:18 B D:\Ramallah\userfiles\image\Program_arabic1.jpg --> www.jmcc.org /ramallah/userfiles/image Program_arabic1.jpg
2012.09.25 13:19 B D:\Ramallah\userfiles\image\Poster_WR_2011.jpg --> www.jmcc.org /ramallah/userfiles/image Poster_WR_2011.jpg
2012.09.25 13:19 B D:\Ramallah\userfiles\image\Facebook2.jpg --> www.jmcc.org /ramallah/userfiles/image Facebook2.jpg
2012.09.25 13:19 B D:\Ramallah\userfiles\image\Facebook.jpg --> www.jmcc.org /ramallah/userfiles/image Facebook.jpg
2012.09.25 13:19 B D:\Ramallah\userfiles\image\tolouze.JPG --> www.jmcc.org /ramallah/userfiles/image tolouze.JPG
2012.09.25 13:19 B D:\Ramallah\userfiles\image\rsz_flyer1.jpg --> www.jmcc.org /ramallah/userfiles/image rsz_flyer1.jpg
2012.09.25 13:19 B D:\Ramallah\userfiles\image\page0001.bmp --> www.jmcc.org /ramallah/userfiles/image page0001.bmp
2012.09.25 13:19 B D:\Ramallah\userfiles\image\magles_bladee.jpg --> www.jmcc.org /ramallah/userfiles/image magles_bladee.jpg
2012.09.25 13:20 B D:\Ramallah\userfiles\image\magles bladee.jpg --> www.jmcc.org /ramallah/userfiles/image magles bladee.jpg
2012.09.25 13:20 B D:\Ramallah\userfiles\image\marathon.pdf --> www.jmcc.org /ramallah/userfiles/image marathon.pdf
2012.09.25 13:20 B D:\Ramallah\userfiles\image\marathon2011.jpg --> www.jmcc.org /ramallah/userfiles/image marathon2011.jpg
2012.09.25 13:20 B D:\Ramallah\userfiles\image\str.JPG --> www.jmcc.org /ramallah/userfiles/image str.JPG
2012.09.25 13:20 B D:\Ramallah\userfiles\image\project.jpg --> www.jmcc.org /ramallah/userfiles/image project.jpg
2012.09.25 13:22 B D:\Ramallah\userfiles\image\project.pdf --> www.jmcc.org /ramallah/userfiles/image project.pdf
2012.09.25 13:22 B D:\Ramallah\userfiles\image\project_ar.jpg --> www.jmcc.org /ramallah/userfiles/image project_ar.jpg
2012.09.25 13:23 B D:\Ramallah\userfiles\image\ãÓÇÈÞÉ_ãÓÑÍíÉ_ÈíÆíÉ_áÚÇã_2010-2011.doc --> www.jmcc.org /ramallah/userfiles/image ãÓÇÈÞÉ_ãÓÑÍíÉ_ÈíÆíÉ_áÚÇã_2010-2011.doc
2012.09.25 13:25 B D:\Ramallah\userfiles\image\ÎØÉ ÇáÊæÚíÉ ÇáÊæÚíÉ ÇáÈíÆíÉ ááÕÝ ÇáËÇäí æÇÇáÇæá æÇáËÇáË ÇáÇÓÇÓí áÚÇã 2010--2011.doc --> www.jmcc.org /ramallah/userfiles/image ÎØÉ ÇáÊæÚíÉ ÇáÊæÚíÉ ÇáÈíÆíÉ ááÕÝ ÇáËÇäí æÇÇáÇæá æÇáËÇáË ÇáÇÓÇÓí áÚÇã 2010--2011.doc
2012.09.25 13:27 B D:\Ramallah\userfiles\image\ÈÑäÇãÌ ãÏÇÑÓ ÕÍíÉ æÕÏíÞÉ ááÈíÆÉ áÚÇã 2010-2011.pdf --> www.jmcc.org /ramallah/userfiles/image ÈÑäÇãÌ ãÏÇÑÓ ÕÍíÉ æÕÏíÞÉ ááÈíÆÉ áÚÇã 2010-2011.pdf
2012.09.25 13:27 B D:\Ramallah\userfiles\image\tree.JPG --> www.jmcc.org /ramallah/userfiles/image tree.JPG
2012.09.25 13:27 B D:\Ramallah\userfiles\image\newlogo.bmp --> www.jmcc.org /ramallah/userfiles/image newlogo.bmp
2012.09.25 13:27 B D:\Ramallah\userfiles\image\meeting.jpg --> www.jmcc.org /ramallah/userfiles/image meeting.jpg
2012.09.25 13:27 B D:\Ramallah\userfiles\image\nasrah.JPG --> www.jmcc.org /ramallah/userfiles/image nasrah.JPG
2012.09.25 13:27 B D:\Ramallah\userfiles\image\alteireh.JPG --> www.jmcc.org /ramallah/userfiles/image alteireh.JPG
2012.09.25 13:27 B D:\Ramallah\userfiles\image\darweesh.JPG --> www.jmcc.org /ramallah/userfiles/image darweesh.JPG
2012.09.25 13:27 B D:\Ramallah\userfiles\image\jeorge2.JPG --> www.jmcc.org /ramallah/userfiles/image jeorge2.JPG
2012.09.25 13:27 B D:\Ramallah\userfiles\image\jeorge1.JPG --> www.jmcc.org /ramallah/userfiles/image jeorge1.JPG
2012.09.25 13:27 B D:\Ramallah\userfiles\image\morroco2010.JPG --> www.jmcc.org /ramallah/userfiles/image morroco2010.JPG
2012.09.25 13:27 B D:\Ramallah\userfiles\image\santa_2.GIF --> www.jmcc.org /ramallah/userfiles/image santa_2.GIF
2012.09.25 13:27 B D:\Ramallah\userfiles\image\SANTA1.jpg --> www.jmcc.org /ramallah/userfiles/image SANTA1.jpg
2012.09.25 13:28 B D:\Ramallah\userfiles\image\SANTA.GIF --> www.jmcc.org /ramallah/userfiles/image SANTA.GIF
2012.09.25 13:28 B D:\Ramallah\userfiles\image\tol1.JPG --> www.jmcc.org /ramallah/userfiles/image tol1.JPG
2012.09.25 13:28 B D:\Ramallah\userfiles\image\show.JPG --> www.jmcc.org /ramallah/userfiles/image show.JPG
2012.09.25 13:28 B D:\Ramallah\userfiles\image\ger.JPG --> www.jmcc.org /ramallah/userfiles/image ger.JPG
2012.09.25 13:28 B D:\Ramallah\userfiles\image\sala2.jpg --> www.jmcc.org /ramallah/userfiles/image sala2.jpg
2012.09.25 13:28 B D:\Ramallah\userfiles\image\sala1.jpg --> www.jmcc.org /ramallah/userfiles/image sala1.jpg
2012.09.25 13:28 B D:\Ramallah\userfiles\image\grave.JPG --> www.jmcc.org /ramallah/userfiles/image grave.JPG
2012.09.25 13:28 B D:\Ramallah\userfiles\image\arouri.JPG --> www.jmcc.org /ramallah/userfiles/image arouri.JPG
2012.09.25 13:28 B D:\Ramallah\userfiles\image\school.jpg --> www.jmcc.org /ramallah/userfiles/image school.jpg
2012.09.25 13:28 B D:\Ramallah\userfiles\image\hamdan.JPG --> www.jmcc.org /ramallah/userfiles/image hamdan.JPG
2012.09.25 13:28 B D:\Ramallah\userfiles\image\19102010.JPG --> www.jmcc.org /ramallah/userfiles/image 19102010.JPG
2012.09.25 13:28 B D:\Ramallah\userfiles\image\poland.JPG --> www.jmcc.org /ramallah/userfiles/image poland.JPG
2012.09.25 13:28 B D:\Ramallah\userfiles\image\jooz.JPG --> www.jmcc.org /ramallah/userfiles/image jooz.JPG
2012.09.25 13:28 B D:\Ramallah\userfiles\image\trond.JPG --> www.jmcc.org /ramallah/userfiles/image trond.JPG
2012.09.25 13:28 B D:\Ramallah\userfiles\image\timemanage.jpg --> www.jmcc.org /ramallah/userfiles/image timemanage.jpg
2012.09.25 13:28 B D:\Ramallah\userfiles\image\06102010.JPG --> www.jmcc.org /ramallah/userfiles/image 06102010.JPG
2012.09.25 13:28 B D:\Ramallah\userfiles\image\omam.jpg --> www.jmcc.org /ramallah/userfiles/image omam.jpg
2012.09.25 13:28 B D:\Ramallah\userfiles\image\blood.jpg --> www.jmcc.org /ramallah/userfiles/image blood.jpg
2012.09.25 13:28 B D:\Ramallah\userfiles\image\barwa04102010.jpg --> www.jmcc.org /ramallah/userfiles/image barwa04102010.jpg
2012.09.25 13:28 B D:\Ramallah\userfiles\image\tunis.jpg --> www.jmcc.org /ramallah/userfiles/image tunis.jpg
2012.09.25 13:28 B D:\Ramallah\userfiles\image\moscov.jpg --> www.jmcc.org /ramallah/userfiles/image moscov.jpg
2012.09.25 13:28 B D:\Ramallah\userfiles\image\batn-alhawa.jpg --> www.jmcc.org /ramallah/userfiles/image batn-alhawa.jpg
2012.09.25 13:28 B D:\Ramallah\userfiles\image\malta.jpg --> www.jmcc.org /ramallah/userfiles/image malta.jpg
2012.09.25 13:28 B D:\Ramallah\userfiles\image\ramadan.jpg --> www.jmcc.org /ramallah/userfiles/image ramadan.jpg
2012.09.25 13:28 B D:\Ramallah\userfiles\image\ramadan_flyer.JPG --> www.jmcc.org /ramallah/userfiles/image ramadan_flyer.JPG
2012.09.25 13:29 B D:\Ramallah\userfiles\image\Moscow.jpg --> www.jmcc.org /ramallah/userfiles/image Moscow.jpg
2012.09.25 13:29 B D:\Ramallah\userfiles\image\car5.jpg --> www.jmcc.org /ramallah/userfiles/image car5.jpg
2012.09.25 13:29 B D:\Ramallah\userfiles\image\car4.jpg --> www.jmcc.org /ramallah/userfiles/image car4.jpg
2012.09.25 13:29 B D:\Ramallah\userfiles\image\car3.jpg --> www.jmcc.org /ramallah/userfiles/image car3.jpg
2012.09.25 13:29 B D:\Ramallah\userfiles\image\car2.jpg --> www.jmcc.org /ramallah/userfiles/image car2.jpg
2012.09.25 13:29 B D:\Ramallah\userfiles\image\car1.jpg --> www.jmcc.org /ramallah/userfiles/image car1.jpg
2012.09.25 13:29 B D:\Ramallah\userfiles\image\mhr.JPG --> www.jmcc.org /ramallah/userfiles/image mhr.JPG
2012.09.25 13:29 B D:\Ramallah\userfiles\image\inv2.jpg --> www.jmcc.org /ramallah/userfiles/image inv2.jpg
2012.09.25 13:29 B D:\Ramallah\userfiles\image\inv1.jpg --> www.jmcc.org /ramallah/userfiles/image inv1.jpg
2012.09.25 13:29 B D:\Ramallah\userfiles\image\Arabic-1.jpg --> www.jmcc.org /ramallah/userfiles/image Arabic-1.jpg
2012.09.25 13:30 B D:\Ramallah\userfiles\image\Engl-12.jpg --> www.jmcc.org /ramallah/userfiles/image Engl-12.jpg
2012.09.25 13:30 B D:\Ramallah\userfiles\image\Arabic-12.jpg --> www.jmcc.org /ramallah/userfiles/image Arabic-12.jpg
2012.09.25 13:30 B D:\Ramallah\userfiles\image\rsz_poster55.PNG --> www.jmcc.org /ramallah/userfiles/image rsz_poster55.PNG
2012.09.25 13:30 B D:\Ramallah\userfiles\image\wen2010.jpg --> www.jmcc.org /ramallah/userfiles/image wen2010.jpg
2012.09.25 13:30 B D:\Ramallah\userfiles\image\123.JPG --> www.jmcc.org /ramallah/userfiles/image 123.JPG
2012.09.25 13:30 B D:\Ramallah\userfiles\image\british.jpg --> www.jmcc.org /ramallah/userfiles/image british.jpg
2012.09.25 13:30 B D:\Ramallah\userfiles\image\beitunia.JPG --> www.jmcc.org /ramallah/userfiles/image beitunia.JPG
2012.09.25 13:30 B D:\Ramallah\userfiles\image\beitunia_.JPG --> www.jmcc.org /ramallah/userfiles/image beitunia_.JPG
2012.09.25 13:30 B D:\Ramallah\userfiles\image\beireh.JPG --> www.jmcc.org /ramallah/userfiles/image beireh.JPG
2012.09.25 13:30 B D:\Ramallah\userfiles\image\barwaa1.jpg --> www.jmcc.org /ramallah/userfiles/image barwaa1.jpg
2012.09.25 13:30 B D:\Ramallah\userfiles\image\ãÚÇÑÝ_3.jpg --> www.jmcc.org /ramallah/userfiles/image ãÚÇÑÝ_3.jpg
2012.09.25 13:30 B D:\Ramallah\userfiles\image\ãÚÇÑÝ_2.jpg --> www.jmcc.org /ramallah/userfiles/image ãÚÇÑÝ_2.jpg
2012.09.25 13:30 B D:\Ramallah\userfiles\image\ãÚÇÑÝ_1.jpg --> www.jmcc.org /ramallah/userfiles/image ãÚÇÑÝ_1.jpg
2012.09.25 13:31 B D:\Ramallah\userfiles\image\ÈáÏíÉ_3.jpg --> www.jmcc.org /ramallah/userfiles/image ÈáÏíÉ_3.jpg
2012.09.25 13:31 B D:\Ramallah\userfiles\image\ÈáÏíÉ_2.jpg --> www.jmcc.org /ramallah/userfiles/image ÈáÏíÉ_2.jpg
2012.09.25 13:31 B D:\Ramallah\userfiles\image\ÈáÏíÉ_1.jpg --> www.jmcc.org /ramallah/userfiles/image ÈáÏíÉ_1.jpg
2012.09.25 13:31 B D:\Ramallah\userfiles\image\env1.JPG --> www.jmcc.org /ramallah/userfiles/image env1.JPG
2012.09.25 13:31 B D:\Ramallah\userfiles\image\parliman.JPG --> www.jmcc.org /ramallah/userfiles/image parliman.JPG
2012.09.25 13:31 B D:\Ramallah\userfiles\image\25.JPG --> www.jmcc.org /ramallah/userfiles/image 25.JPG
2012.09.25 13:31 B D:\Ramallah\userfiles\image\commercial.JPG --> www.jmcc.org /ramallah/userfiles/image commercial.JPG
2012.09.25 13:31 B D:\Ramallah\userfiles\image\hrights.jpg --> www.jmcc.org /ramallah/userfiles/image hrights.jpg
2012.09.25 13:31 B D:\Ramallah\userfiles\image\barwa.jpg --> www.jmcc.org /ramallah/userfiles/image barwa.jpg
2012.09.25 13:31 B D:\Ramallah\userfiles\image\rsz_dsc_8552_(large).jpg --> www.jmcc.org /ramallah/userfiles/image rsz_dsc_8552_(large).jpg
2012.09.25 13:31 B D:\Ramallah\userfiles\image\rsz_acover.jpg --> www.jmcc.org /ramallah/userfiles/image rsz_acover.jpg
2012.09.25 13:35 B D:\Ramallah\userfiles\image\Ramallah-arabic-book.pdf --> www.jmcc.org /ramallah/userfiles/image Ramallah-arabic-book.pdf
2012.09.25 13:40 B D:\Ramallah\userfiles\image\Ramallah-english-book.pdf --> www.jmcc.org /ramallah/userfiles/image Ramallah-english-book.pdf
2012.09.25 13:57 B D:\Ramallah\userfiles\image\project_.ppt --> www.jmcc.org /ramallah/userfiles/image project_.ppt
